2018-10-15 14:15:41,061 [INFO] from play.api.http.EnabledFilters in play-dev-mode-akka.actor.default-dispatcher-6 - Enabled Filters (see <https://www.playframework.com/documentation/latest/Filters>):

    play.filters.csrf.CSRFFilter
    play.filters.headers.SecurityHeadersFilter
    play.filters.hosts.AllowedHostsFilter
    play.filters.hosts.AllowedHostsFilter

2018-10-15 14:15:41,214 [INFO] from play.api.Play in play-dev-mode-akka.actor.default-dispatcher-6 - Application started (Dev)
2018-10-15 14:18:06,730 [INFO] from play.api.http.EnabledFilters in play-dev-mode-akka.actor.default-dispatcher-6 - Enabled Filters (see <https://www.playframework.com/documentation/latest/Filters>):

    play.filters.csrf.CSRFFilter
    play.filters.headers.SecurityHeadersFilter
    play.filters.hosts.AllowedHostsFilter
    play.filters.hosts.AllowedHostsFilter

2018-10-15 14:18:06,762 [INFO] from play.api.Play in play-dev-mode-akka.actor.default-dispatcher-6 - Application started (Dev)
2018-10-15 14:20:17,533 [INFO] from play.api.http.EnabledFilters in play-dev-mode-akka.actor.default-dispatcher-28 - Enabled Filters (see <https://www.playframework.com/documentation/latest/Filters>):

    play.filters.csrf.CSRFFilter
    play.filters.headers.SecurityHeadersFilter
    play.filters.hosts.AllowedHostsFilter
    play.filters.hosts.AllowedHostsFilter

2018-10-15 14:20:17,551 [INFO] from play.api.Play in play-dev-mode-akka.actor.default-dispatcher-28 - Application started (Dev)
2018-10-15 14:21:06,851 [INFO] from play.api.http.EnabledFilters in play-dev-mode-akka.actor.default-dispatcher-63 - Enabled Filters (see <https://www.playframework.com/documentation/latest/Filters>):

    play.filters.csrf.CSRFFilter
    play.filters.headers.SecurityHeadersFilter
    play.filters.hosts.AllowedHostsFilter
    play.filters.hosts.AllowedHostsFilter

2018-10-15 14:21:06,865 [INFO] from play.api.Play in play-dev-mode-akka.actor.default-dispatcher-63 - Application started (Dev)
2018-10-15 14:21:46,828 [INFO] from play.api.http.EnabledFilters in play-dev-mode-akka.actor.default-dispatcher-62 - Enabled Filters (see <https://www.playframework.com/documentation/latest/Filters>):

    play.filters.csrf.CSRFFilter
    play.filters.headers.SecurityHeadersFilter
    play.filters.hosts.AllowedHostsFilter
    play.filters.hosts.AllowedHostsFilter

2018-10-15 14:21:46,844 [INFO] from play.api.Play in play-dev-mode-akka.actor.default-dispatcher-62 - Application started (Dev)
2018-10-15 14:40:20,476 [INFO] from play.api.http.EnabledFilters in play-dev-mode-akka.actor.default-dispatcher-28 - Enabled Filters (see <https://www.playframework.com/documentation/latest/Filters>):

    play.filters.csrf.CSRFFilter
    play.filters.headers.SecurityHeadersFilter
    play.filters.hosts.AllowedHostsFilter
    play.filters.hosts.AllowedHostsFilter

2018-10-15 14:40:20,492 [INFO] from play.api.Play in play-dev-mode-akka.actor.default-dispatcher-28 - Application started (Dev)
2018-10-15 14:57:26,642 [INFO] from play.api.http.EnabledFilters in play-dev-mode-akka.actor.default-dispatcher-123 - Enabled Filters (see <https://www.playframework.com/documentation/latest/Filters>):

    play.filters.csrf.CSRFFilter
    play.filters.headers.SecurityHeadersFilter
    play.filters.hosts.AllowedHostsFilter
    play.filters.hosts.AllowedHostsFilter

2018-10-15 14:57:26,655 [INFO] from play.api.Play in play-dev-mode-akka.actor.default-dispatcher-123 - Application started (Dev)
2018-10-15 14:58:55,944 [INFO] from play.api.http.EnabledFilters in play-dev-mode-akka.actor.default-dispatcher-143 - Enabled Filters (see <https://www.playframework.com/documentation/latest/Filters>):

    play.filters.csrf.CSRFFilter
    play.filters.headers.SecurityHeadersFilter
    play.filters.hosts.AllowedHostsFilter
    play.filters.hosts.AllowedHostsFilter

2018-10-15 14:58:55,992 [INFO] from play.api.Play in play-dev-mode-akka.actor.default-dispatcher-143 - Application started (Dev)
2018-10-15 15:06:18,871 [INFO] from play.api.http.EnabledFilters in play-dev-mode-akka.actor.default-dispatcher-142 - Enabled Filters (see <https://www.playframework.com/documentation/latest/Filters>):

    play.filters.csrf.CSRFFilter
    play.filters.headers.SecurityHeadersFilter
    play.filters.hosts.AllowedHostsFilter
    play.filters.hosts.AllowedHostsFilter

2018-10-15 15:06:18,877 [INFO] from play.api.Play in play-dev-mode-akka.actor.default-dispatcher-142 - Application started (Dev)
2018-10-15 15:06:56,743 [INFO] from play.api.http.EnabledFilters in play-dev-mode-akka.actor.default-dispatcher-206 - Enabled Filters (see <https://www.playframework.com/documentation/latest/Filters>):

    play.filters.csrf.CSRFFilter
    play.filters.headers.SecurityHeadersFilter
    play.filters.hosts.AllowedHostsFilter
    play.filters.hosts.AllowedHostsFilter

2018-10-15 15:06:56,748 [INFO] from play.api.Play in play-dev-mode-akka.actor.default-dispatcher-206 - Application started (Dev)
2018-10-15 15:08:30,307 [INFO] from play.api.http.EnabledFilters in play-dev-mode-akka.actor.default-dispatcher-142 - Enabled Filters (see <https://www.playframework.com/documentation/latest/Filters>):

    play.filters.csrf.CSRFFilter
    play.filters.headers.SecurityHeadersFilter
    play.filters.hosts.AllowedHostsFilter
    play.filters.hosts.AllowedHostsFilter

2018-10-15 15:08:30,312 [INFO] from play.api.Play in play-dev-mode-akka.actor.default-dispatcher-142 - Application started (Dev)
2018-10-15 15:10:06,706 [INFO] from play.api.http.EnabledFilters in play-dev-mode-akka.actor.default-dispatcher-209 - Enabled Filters (see <https://www.playframework.com/documentation/latest/Filters>):

    play.filters.csrf.CSRFFilter
    play.filters.headers.SecurityHeadersFilter
    play.filters.hosts.AllowedHostsFilter
    play.filters.hosts.AllowedHostsFilter

2018-10-15 15:10:06,711 [INFO] from play.api.Play in play-dev-mode-akka.actor.default-dispatcher-209 - Application started (Dev)
2018-10-15 15:11:58,095 [INFO] from play.api.http.EnabledFilters in play-dev-mode-akka.actor.default-dispatcher-214 - Enabled Filters (see <https://www.playframework.com/documentation/latest/Filters>):

    play.filters.csrf.CSRFFilter
    play.filters.headers.SecurityHeadersFilter
    play.filters.hosts.AllowedHostsFilter
    play.filters.hosts.AllowedHostsFilter

2018-10-15 15:11:58,100 [INFO] from play.api.Play in play-dev-mode-akka.actor.default-dispatcher-214 - Application started (Dev)
2018-10-15 15:14:30,519 [INFO] from play.api.http.EnabledFilters in play-dev-mode-akka.actor.default-dispatcher-216 - Enabled Filters (see <https://www.playframework.com/documentation/latest/Filters>):

    play.filters.csrf.CSRFFilter
    play.filters.headers.SecurityHeadersFilter
    play.filters.hosts.AllowedHostsFilter
    play.filters.hosts.AllowedHostsFilter

2018-10-15 15:14:30,528 [INFO] from play.api.Play in play-dev-mode-akka.actor.default-dispatcher-216 - Application started (Dev)
2018-10-15 15:22:33,030 [INFO] from play.api.http.EnabledFilters in play-dev-mode-akka.actor.default-dispatcher-238 - Enabled Filters (see <https://www.playframework.com/documentation/latest/Filters>):

    play.filters.csrf.CSRFFilter
    play.filters.headers.SecurityHeadersFilter
    play.filters.hosts.AllowedHostsFilter
    play.filters.hosts.AllowedHostsFilter

2018-10-15 15:22:33,034 [INFO] from play.api.Play in play-dev-mode-akka.actor.default-dispatcher-238 - Application started (Dev)
2018-10-15 15:28:21,443 [INFO] from play.api.http.EnabledFilters in play-dev-mode-akka.actor.default-dispatcher-309 - Enabled Filters (see <https://www.playframework.com/documentation/latest/Filters>):

    play.filters.headers.SecurityHeadersFilter
    play.filters.hosts.AllowedHostsFilter
    play.filters.hosts.AllowedHostsFilter

2018-10-15 15:28:21,489 [INFO] from play.api.Play in play-dev-mode-akka.actor.default-dispatcher-309 - Application started (Dev)
2018-10-15 15:43:14,713 [INFO] from play.api.http.EnabledFilters in play-dev-mode-akka.actor.default-dispatcher-375 - Enabled Filters (see <https://www.playframework.com/documentation/latest/Filters>):

    play.filters.headers.SecurityHeadersFilter
    play.filters.hosts.AllowedHostsFilter
    play.filters.hosts.AllowedHostsFilter

2018-10-15 15:43:14,778 [INFO] from play.api.Play in play-dev-mode-akka.actor.default-dispatcher-375 - Application started (Dev)
2018-10-15 15:51:39,248 [INFO] from play.api.http.EnabledFilters in play-dev-mode-akka.actor.default-dispatcher-457 - Enabled Filters (see <https://www.playframework.com/documentation/latest/Filters>):

    play.filters.headers.SecurityHeadersFilter
    play.filters.hosts.AllowedHostsFilter
    play.filters.hosts.AllowedHostsFilter

2018-10-15 15:51:39,283 [INFO] from play.api.Play in play-dev-mode-akka.actor.default-dispatcher-457 - Application started (Dev)
2018-10-15 15:53:23,599 [INFO] from play.api.http.EnabledFilters in play-dev-mode-akka.actor.default-dispatcher-438 - Enabled Filters (see <https://www.playframework.com/documentation/latest/Filters>):

    play.filters.headers.SecurityHeadersFilter
    play.filters.hosts.AllowedHostsFilter
    play.filters.hosts.AllowedHostsFilter

2018-10-15 15:53:23,659 [INFO] from play.api.Play in play-dev-mode-akka.actor.default-dispatcher-438 - Application started (Dev)
2018-10-15 15:56:37,167 [INFO] from play.api.http.EnabledFilters in play-dev-mode-akka.actor.default-dispatcher-455 - Enabled Filters (see <https://www.playframework.com/documentation/latest/Filters>):

    play.filters.headers.SecurityHeadersFilter
    play.filters.hosts.AllowedHostsFilter
    play.filters.hosts.AllowedHostsFilter

2018-10-15 15:56:37,224 [INFO] from play.api.Play in play-dev-mode-akka.actor.default-dispatcher-455 - Application started (Dev)
2018-10-15 15:58:02,483 [INFO] from play.api.http.EnabledFilters in play-dev-mode-akka.actor.default-dispatcher-590 - Enabled Filters (see <https://www.playframework.com/documentation/latest/Filters>):

    play.filters.headers.SecurityHeadersFilter
    play.filters.hosts.AllowedHostsFilter
    play.filters.hosts.AllowedHostsFilter

2018-10-15 15:58:02,515 [INFO] from play.api.Play in play-dev-mode-akka.actor.default-dispatcher-590 - Application started (Dev)
2018-10-15 15:59:59,294 [INFO] from play.api.http.EnabledFilters in play-dev-mode-akka.actor.default-dispatcher-633 - Enabled Filters (see <https://www.playframework.com/documentation/latest/Filters>):

    play.filters.headers.SecurityHeadersFilter
    play.filters.hosts.AllowedHostsFilter
    play.filters.hosts.AllowedHostsFilter

2018-10-15 15:59:59,341 [INFO] from play.api.Play in play-dev-mode-akka.actor.default-dispatcher-633 - Application started (Dev)
2018-10-15 16:00:38,186 [INFO] from play.api.http.EnabledFilters in play-dev-mode-akka.actor.default-dispatcher-629 - Enabled Filters (see <https://www.playframework.com/documentation/latest/Filters>):

    play.filters.headers.SecurityHeadersFilter
    play.filters.hosts.AllowedHostsFilter
    play.filters.hosts.AllowedHostsFilter

2018-10-15 16:00:38,220 [INFO] from play.api.Play in play-dev-mode-akka.actor.default-dispatcher-629 - Application started (Dev)
2018-10-15 16:03:35,383 [INFO] from play.api.http.EnabledFilters in play-dev-mode-akka.actor.default-dispatcher-629 - Enabled Filters (see <https://www.playframework.com/documentation/latest/Filters>):

    play.filters.headers.SecurityHeadersFilter
    play.filters.hosts.AllowedHostsFilter
    play.filters.hosts.AllowedHostsFilter

2018-10-15 16:03:35,425 [INFO] from play.api.Play in play-dev-mode-akka.actor.default-dispatcher-629 - Application started (Dev)
2018-10-15 16:04:14,914 [INFO] from play.api.http.EnabledFilters in play-dev-mode-akka.actor.default-dispatcher-676 - Enabled Filters (see <https://www.playframework.com/documentation/latest/Filters>):

    play.filters.headers.SecurityHeadersFilter
    play.filters.hosts.AllowedHostsFilter
    play.filters.hosts.AllowedHostsFilter

2018-10-15 16:04:14,945 [INFO] from play.api.Play in play-dev-mode-akka.actor.default-dispatcher-676 - Application started (Dev)
2018-10-15 16:09:51,667 [INFO] from play.api.http.EnabledFilters in play-dev-mode-akka.actor.default-dispatcher-719 - Enabled Filters (see <https://www.playframework.com/documentation/latest/Filters>):

    play.filters.headers.SecurityHeadersFilter
    play.filters.hosts.AllowedHostsFilter
    play.filters.hosts.AllowedHostsFilter
    play.filters.headers.SecurityHeadersFilter

2018-10-15 16:09:51,720 [INFO] from play.api.Play in play-dev-mode-akka.actor.default-dispatcher-719 - Application started (Dev)
2018-10-15 16:12:22,248 [INFO] from play.api.http.EnabledFilters in play-dev-mode-akka.actor.default-dispatcher-713 - Enabled Filters (see <https://www.playframework.com/documentation/latest/Filters>):

    play.filters.headers.SecurityHeadersFilter
    play.filters.hosts.AllowedHostsFilter
    play.filters.hosts.AllowedHostsFilter
    play.filters.headers.SecurityHeadersFilter

2018-10-15 16:12:22,301 [INFO] from play.api.Play in play-dev-mode-akka.actor.default-dispatcher-713 - Application started (Dev)
